<?xml version="1.0" encoding="UTF-8"?>
<testng-results ignored="0" total="1" passed="1" failed="0" skipped="0">
  <reporter-output>
  </reporter-output>
  <suite started-at="2024-03-14T16:48:44 IST" name="Default suite" finished-at="2024-03-14T16:48:47 IST" duration-ms="3575">
    <groups>
    </groups>
    <test started-at="2024-03-14T16:48:44 IST" name="Default test" finished-at="2024-03-14T16:48:47 IST" duration-ms="3575">
      <class name="HTTPRequests">
        <test-method signature="getUser()[pri:0, instance:HTTPRequests@222545dc]" started-at="2024-03-14T16:48:44 IST" name="getUser" finished-at="2024-03-14T16:48:47 IST" duration-ms="3517" status="PASS">
          <reporter-output>
          </reporter-output>
        </test-method> <!-- getUser -->
      </class> <!-- HTTPRequests -->
    </test> <!-- Default test -->
  </suite> <!-- Default suite -->
</testng-results>
